<?xml version="1.0" encoding="UTF-8"?>
<!-- Generated by org.testng.reporters.JUnitReportReporter -->
<testsuite hostname="LAPTOP-2FTNVRRG" failures="0" tests="1" name="WebDriverBasicConcepts.pageloadtimeout" time="7.120" errors="0" timestamp="2020-10-25T15:48:43 PDT" skipped="0">
  <testcase classname="WebDriverBasicConcepts.pageloadtimeout" name="pageloadtime" time="7.120"/>
  <system-out/>
</testsuite> <!-- WebDriverBasicConcepts.pageloadtimeout -->
