<?xml version="1.0" encoding="UTF-8"?>
<!-- Generated by org.testng.reporters.JUnitReportReporter -->
<testsuite hostname="LAPTOP-2FTNVRRG" failures="0" tests="1" name="WebDriverBasicConcepts.lauchbrowser" time="7.128" errors="0" timestamp="2020-10-25T15:43:36 PDT" skipped="0">
  <testcase classname="WebDriverBasicConcepts.lauchbrowser" name="initialize" time="7.128"/>
  <system-out/>
</testsuite> <!-- WebDriverBasicConcepts.lauchbrowser -->
