<?xml version="1.0" encoding="UTF-8"?>
<!-- Generated by org.testng.reporters.JUnitReportReporter -->
<testsuite hostname="LAPTOP-2FTNVRRG" failures="0" tests="1" name="WebDriverBasicConcepts.alert" time="6.408" errors="0" timestamp="2020-11-17T10:41:25 PST" skipped="0">
  <testcase classname="WebDriverBasicConcepts.alert" name="Alert" time="6.408"/>
  <system-out/>
</testsuite> <!-- WebDriverBasicConcepts.alert -->
