<?xml version="1.0" encoding="UTF-8"?>
<!-- Generated by org.testng.reporters.JUnitReportReporter -->
<testsuite hostname="LAPTOP-2FTNVRRG" failures="0" tests="1" name="WebDriverBasicConcepts.dropdown" time="7.680" errors="0" timestamp="2020-11-17T12:34:47 PST" skipped="0">
  <testcase classname="WebDriverBasicConcepts.dropdown" name="dropdown1" time="7.680"/>
  <system-out/>
</testsuite> <!-- WebDriverBasicConcepts.dropdown -->
