<?xml version="1.0" encoding="UTF-8"?>
<!-- Generated by org.testng.reporters.JUnitReportReporter -->
<testsuite hostname="LAPTOP-2FTNVRRG" failures="0" tests="1" name="WebDriverBasicConcepts.windows" time="6.438" errors="0" timestamp="2020-10-25T22:55:43 PDT" skipped="0">
  <testcase classname="WebDriverBasicConcepts.windows" name="dropdown" time="6.438"/>
  <system-out/>
</testsuite> <!-- WebDriverBasicConcepts.windows -->
