<?xml version="1.0" encoding="UTF-8"?>
<!-- Generated by org.testng.reporters.JUnitReportReporter -->
<testsuite hostname="LAPTOP-2FTNVRRG" failures="0" tests="1" name="WebDriverBasicConcepts.backandforth" time="6.748" errors="0" timestamp="2020-10-25T23:45:38 PDT" skipped="0">
  <testcase classname="WebDriverBasicConcepts.backandforth" name="backandforth1" time="6.748"/>
  <system-out/>
</testsuite> <!-- WebDriverBasicConcepts.backandforth -->
