<?xml version="1.0" encoding="UTF-8"?>
<!-- Generated by org.testng.reporters.JUnitReportReporter -->
<testsuite hostname="LAPTOP-2FTNVRRG" failures="0" tests="1" name="WebDriverBasicConcepts.frames" time="5.632" errors="0" timestamp="2020-11-17T13:35:25 PST" skipped="0">
  <testcase classname="WebDriverBasicConcepts.frames" name="frame" time="5.632"/>
  <system-out/>
</testsuite> <!-- WebDriverBasicConcepts.frames -->
