<?xml version="1.0" encoding="UTF-8"?>
<!-- Generated by org.testng.reporters.JUnitReportReporter -->
<testsuite hostname="LAPTOP-2FTNVRRG" failures="0" tests="1" name="WebDriverBasicConcepts.closingchildwindow" time="8.802" errors="0" timestamp="2020-10-25T23:10:46 PDT" skipped="0">
  <testcase classname="WebDriverBasicConcepts.closingchildwindow" name="closewindow" time="8.802"/>
  <system-out/>
</testsuite> <!-- WebDriverBasicConcepts.closingchildwindow -->
