<?xml version="1.0" encoding="UTF-8"?>
<!-- Generated by org.testng.reporters.JUnitReportReporter -->
<testsuite hostname="LAPTOP-2FTNVRRG" failures="0" tests="1" name="WebDriverBasicConcepts.framecount" time="5.694" errors="0" timestamp="2020-11-17T16:27:25 PST" skipped="0">
  <testcase classname="WebDriverBasicConcepts.framecount" name="frame" time="5.694"/>
  <system-out/>
</testsuite> <!-- WebDriverBasicConcepts.framecount -->
