<?xml version="1.0" encoding="UTF-8"?>
<!-- Generated by org.testng.reporters.JUnitReportReporter -->
<testsuite hostname="LAPTOP-2FTNVRRG" failures="0" tests="1" name="WebDriverBasicConcepts.implicitlywait" time="6.544" errors="0" timestamp="2020-10-25T15:59:13 PDT" skipped="0">
  <testcase classname="WebDriverBasicConcepts.implicitlywait" name="implicitwait" time="6.544"/>
  <system-out/>
</testsuite> <!-- WebDriverBasicConcepts.implicitlywait -->
