<?xml version="1.0" encoding="UTF-8"?>
<!-- Generated by org.testng.reporters.JUnitReportReporter -->
<testsuite hostname="LAPTOP-2FTNVRRG" failures="0" tests="1" name="WebDriverBasicConcepts.deleteallcookies" time="5.826" errors="0" timestamp="2020-10-25T15:45:47 PDT" skipped="0">
  <testcase classname="WebDriverBasicConcepts.deleteallcookies" name="clearcookies" time="5.826"/>
  <system-out/>
</testsuite> <!-- WebDriverBasicConcepts.deleteallcookies -->
